orlis/open_source_benchmarks/apps/com.nightshadelabs.anotherbrowser_3_src.tar.gz/app/build/intermediates/proguard-rules/release/aapt_rules.txt
# view AndroidManifest.xml #generated:15
-keep class com.nightshadelabs.anotherbrowser.AnotherBrowserActivity { <init>(...); }