orlis/open_source_benchmarks/apps/com.nightshadelabs.anotherbrowser_3_src.tar.gz/app/build/outputs/mapping/release/mapping.txt
com.nightshadelabs.anotherbrowser.AnotherBrowserActivity -> com.nightshadelabs.anotherbrowser.AnotherBrowserActivity:
    void <init>() -> <init>
    void onCreate(android.os.Bundle) -> onCreate
    android.net.Uri findUrlInString(java.lang.String) -> findUrlInString