orlis/open_source_benchmarks/apps/com.nightshadelabs.anotherbrowser_3_src.tar.gz/app/build/outputs/mapping/release/usage.txt
com.nightshadelabs.anotherbrowser.BuildConfig
com.nightshadelabs.anotherbrowser.R
com.nightshadelabs.anotherbrowser.R$attr
com.nightshadelabs.anotherbrowser.R$mipmap
com.nightshadelabs.anotherbrowser.R$string